TN:
SF:controllers\authController.js
FN:6,(anonymous_0)
FN:73,(anonymous_1)
FN:81,(anonymous_2)
FNF:3
FNH:3
FNDA:9,(anonymous_0)
FNDA:2,(anonymous_1)
FNDA:2,(anonymous_2)
DA:6,1
DA:7,9
DA:8,9
DA:10,9
DA:11,1
DA:15,8
DA:18,8
DA:19,5
DA:20,3
DA:21,2
DA:23,2
DA:24,1
DA:27,1
DA:28,1
DA:31,0
DA:33,1
DA:37,5
DA:38,5
DA:40,4
DA:41,1
DA:44,3
DA:47,3
DA:48,3
DA:49,1
DA:53,2
DA:58,2
DA:60,2
DA:61,1
DA:65,1
DA:71,1
DA:73,2
DA:76,1
DA:77,1
DA:81,1
DA:82,2
DA:83,1
DA:86,1
LF:37
LH:36
BRDA:10,0,0,1
BRDA:10,0,1,8
BRDA:18,1,0,5
BRDA:18,1,1,3
BRDA:20,2,0,2
BRDA:20,2,1,1
BRDA:23,3,0,1
BRDA:23,3,1,1
BRDA:27,4,0,1
BRDA:27,4,1,0
BRDA:40,5,0,1
BRDA:40,5,1,3
BRDA:48,6,0,1
BRDA:48,6,1,2
BRDA:60,7,0,1
BRDA:60,7,1,1
BRDA:82,8,0,1
BRDA:82,8,1,1
BRF:18
BRH:17
end_of_record
TN:
SF:controllers\coffeeShopsController.js
FN:3,(anonymous_0)
FN:19,(anonymous_1)
FN:37,(anonymous_2)
FN:66,(anonymous_3)
FN:103,(anonymous_4)
FNF:5
FNH:5
FNDA:3,(anonymous_0)
FNDA:3,(anonymous_1)
FNDA:4,(anonymous_2)
FNDA:5,(anonymous_3)
FNDA:3,(anonymous_4)
DA:3,1
DA:4,3
DA:5,3
DA:6,3
DA:8,2
DA:9,1
DA:12,1
DA:14,1
DA:15,1
DA:19,1
DA:20,3
DA:21,3
DA:22,3
DA:23,3
DA:27,2
DA:28,1
DA:30,1
DA:32,1
DA:33,1
DA:37,1
DA:38,4
DA:39,4
DA:42,4
DA:43,4
DA:45,3
DA:46,1
DA:49,2
DA:51,2
DA:52,1
DA:56,1
DA:57,1
DA:59,1
DA:61,1
DA:62,1
DA:66,1
DA:67,5
DA:68,5
DA:69,5
DA:71,5
DA:72,1
DA:76,4
DA:77,4
DA:79,3
DA:80,1
DA:84,2
DA:90,2
DA:92,2
DA:93,1
DA:96,1
DA:98,1
DA:99,1
DA:103,1
DA:104,3
DA:105,3
DA:108,3
DA:109,3
DA:111,2
DA:112,1
DA:115,1
DA:117,1
DA:118,1
LF:61
LH:61
BRDA:8,0,0,1
BRDA:8,0,1,1
BRDA:25,1,0,3
BRDA:25,1,1,2
BRDA:25,2,0,3
BRDA:25,2,1,2
BRDA:27,3,0,1
BRDA:27,3,1,1
BRDA:45,4,0,1
BRDA:45,4,1,2
BRDA:49,5,0,2
BRDA:49,5,1,0
BRDA:51,6,0,1
BRDA:51,6,1,1
BRDA:71,7,0,1
BRDA:71,7,1,4
BRDA:79,8,0,1
BRDA:79,8,1,2
BRDA:92,9,0,1
BRDA:92,9,1,1
BRDA:111,10,0,1
BRDA:111,10,1,1
BRF:22
BRH:21
end_of_record
TN:
SF:controllers\menuController.js
FN:3,(anonymous_0)
FN:26,(anonymous_1)
FN:48,(anonymous_2)
FN:73,(anonymous_3)
FNF:4
FNH:4
FNDA:4,(anonymous_0)
FNDA:6,(anonymous_1)
FNDA:3,(anonymous_2)
FNDA:3,(anonymous_3)
DA:3,1
DA:4,4
DA:5,4
DA:7,4
DA:8,1
DA:11,3
DA:18,3
DA:19,2
DA:21,1
DA:22,1
DA:26,1
DA:27,6
DA:28,6
DA:30,6
DA:31,3
DA:34,3
DA:40,3
DA:41,2
DA:43,1
DA:44,1
DA:48,1
DA:49,3
DA:50,3
DA:51,3
DA:53,3
DA:60,3
DA:62,2
DA:63,1
DA:66,1
DA:68,1
DA:69,1
DA:73,1
DA:74,3
DA:75,3
DA:77,3
DA:79,2
DA:80,1
DA:83,1
DA:85,1
DA:86,1
LF:40
LH:40
BRDA:7,0,0,1
BRDA:7,0,1,3
BRDA:30,1,0,3
BRDA:30,1,1,3
BRDA:30,2,0,6
BRDA:30,2,1,5
BRDA:30,2,2,4
BRDA:40,3,0,3
BRDA:40,3,1,3
BRDA:60,4,0,3
BRDA:60,4,1,2
BRDA:62,5,0,1
BRDA:62,5,1,1
BRDA:79,6,0,1
BRDA:79,6,1,1
BRF:15
BRH:15
end_of_record
TN:
SF:controllers\ordersController.js
FN:3,(anonymous_0)
FN:48,(anonymous_1)
FN:55,(anonymous_2)
FN:65,(anonymous_3)
FNF:4
FNH:4
FNDA:5,(anonymous_0)
FNDA:1,(anonymous_1)
FNDA:1,(anonymous_2)
FNDA:4,(anonymous_3)
DA:3,1
DA:4,5
DA:5,5
DA:6,5
DA:7,5
DA:9,5
DA:10,2
DA:11,2
DA:14,5
DA:15,2
DA:16,2
DA:19,5
DA:21,5
DA:46,5
DA:48,5
DA:55,1
DA:58,5
DA:60,0
DA:61,0
DA:65,1
DA:66,4
DA:67,4
DA:68,4
DA:69,4
DA:71,3
DA:72,2
DA:74,1
DA:76,1
DA:77,1
LF:29
LH:27
BRDA:9,0,0,2
BRDA:9,0,1,3
BRDA:14,1,0,2
BRDA:14,1,1,3
BRDA:19,2,0,3
BRDA:19,2,1,2
BRDA:52,3,0,1
BRDA:52,3,1,0
BRDA:55,4,0,1
BRDA:55,4,1,0
BRDA:69,5,0,1
BRDA:69,5,1,3
BRDA:72,6,0,1
BRDA:72,6,1,1
BRF:14
BRH:12
end_of_record
TN:
SF:controllers\statsController.js
FN:3,(anonymous_0)
FNF:1
FNH:1
FNDA:4,(anonymous_0)
DA:3,1
DA:4,4
DA:5,4
DA:7,4
DA:8,1
DA:12,3
DA:21,3
DA:23,2
DA:28,1
DA:29,1
LF:10
LH:10
BRDA:7,0,0,1
BRDA:7,0,1,3
BRDA:24,1,0,2
BRDA:24,1,1,1
BRDA:25,2,0,2
BRDA:25,2,1,1
BRF:6
BRH:6
end_of_record
TN:
SF:middleware\auth.js
FN:3,(anonymous_0)
FNF:1
FNH:1
FNDA:6,(anonymous_0)
DA:3,1
DA:4,6
DA:5,6
DA:6,2
DA:9,4
DA:10,4
DA:11,4
DA:12,1
DA:13,1
DA:15,3
LF:10
LH:10
BRDA:5,0,0,2
BRDA:5,0,1,4
BRDA:5,1,0,6
BRDA:5,1,1,5
BRF:4
BRH:4
end_of_record
TN:
SF:services\telegramService.js
FN:3,(anonymous_0)
FN:16,(anonymous_1)
FN:22,(anonymous_2)
FNF:3
FNH:3
FNDA:6,(anonymous_0)
FNDA:4,(anonymous_1)
FNDA:9,(anonymous_2)
DA:3,2
DA:4,6
DA:5,6
DA:6,6
DA:7,10
DA:8,10
DA:10,3
DA:13,6
DA:16,2
DA:17,4
DA:18,4
DA:20,4
DA:22,9
DA:25,4
DA:26,4
DA:28,4
LF:16
LH:16
BRF:0
BRH:0
end_of_record
