TN:
SF:controllers\authController.js
FN:6,(anonymous_0)
FN:73,(anonymous_1)
FN:81,(anonymous_2)
FNF:3
FNH:2
FNDA:3,(anonymous_0)
FNDA:0,(anonymous_1)
FNDA:1,(anonymous_2)
DA:6,1
DA:7,3
DA:8,3
DA:10,3
DA:11,1
DA:15,2
DA:18,2
DA:19,2
DA:20,0
DA:21,0
DA:23,0
DA:24,0
DA:27,0
DA:28,0
DA:31,0
DA:33,0
DA:37,2
DA:38,2
DA:40,2
DA:41,1
DA:44,1
DA:47,1
DA:48,1
DA:49,0
DA:53,1
DA:58,1
DA:60,1
DA:61,1
DA:65,0
DA:71,0
DA:73,0
DA:76,0
DA:77,0
DA:81,1
DA:82,1
LF:35
LH:21
BRDA:10,0,0,1
BRDA:10,0,1,2
BRDA:18,1,0,2
BRDA:18,1,1,0
BRDA:20,2,0,0
BRDA:20,2,1,0
BRDA:23,3,0,0
BRDA:23,3,1,0
BRDA:27,4,0,0
BRDA:27,4,1,0
BRDA:40,5,0,1
BRDA:40,5,1,1
BRDA:48,6,0,0
BRDA:48,6,1,1
BRDA:60,7,0,1
BRDA:60,7,1,0
BRF:16
BRH:7
end_of_record
TN:
SF:controllers\coffeeShopsController.js
FN:3,(anonymous_0)
FN:19,(anonymous_1)
FN:37,(anonymous_2)
FN:66,(anonymous_3)
FN:103,(anonymous_4)
FNF:5
FNH:5
FNDA:2,(anonymous_0)
FNDA:1,(anonymous_1)
FNDA:1,(anonymous_2)
FNDA:2,(anonymous_3)
FNDA:1,(anonymous_4)
DA:3,1
DA:4,2
DA:5,2
DA:6,2
DA:8,2
DA:9,1
DA:12,1
DA:14,0
DA:15,0
DA:19,1
DA:20,1
DA:21,1
DA:22,1
DA:23,0
DA:27,0
DA:28,0
DA:30,0
DA:32,1
DA:33,1
DA:37,1
DA:38,1
DA:39,1
DA:42,1
DA:43,1
DA:45,1
DA:46,1
DA:49,0
DA:51,0
DA:52,0
DA:56,0
DA:57,0
DA:59,0
DA:61,0
DA:62,0
DA:66,1
DA:67,2
DA:68,2
DA:69,2
DA:71,2
DA:72,1
DA:76,1
DA:77,1
DA:79,1
DA:80,1
DA:84,0
DA:90,0
DA:92,0
DA:93,0
DA:96,0
DA:98,0
DA:99,0
DA:103,1
DA:104,1
DA:105,1
DA:108,1
DA:109,1
DA:111,1
DA:112,0
DA:115,1
DA:117,0
DA:118,0
LF:61
LH:37
BRDA:8,0,0,1
BRDA:8,0,1,1
BRDA:27,1,0,0
BRDA:27,1,1,0
BRDA:45,2,0,1
BRDA:45,2,1,0
BRDA:49,3,0,0
BRDA:49,3,1,0
BRDA:51,4,0,0
BRDA:51,4,1,0
BRDA:71,5,0,1
BRDA:71,5,1,1
BRDA:79,6,0,1
BRDA:79,6,1,0
BRDA:92,7,0,0
BRDA:92,7,1,0
BRDA:111,8,0,0
BRDA:111,8,1,1
BRF:18
BRH:7
end_of_record
TN:
SF:controllers\menuController.js
FN:3,(anonymous_0)
FN:26,(anonymous_1)
FN:48,(anonymous_2)
FN:73,(anonymous_3)
FNF:4
FNH:4
FNDA:2,(anonymous_0)
FNDA:2,(anonymous_1)
FNDA:1,(anonymous_2)
FNDA:2,(anonymous_3)
DA:3,1
DA:4,2
DA:5,2
DA:7,0
DA:8,0
DA:11,0
DA:18,0
DA:19,0
DA:21,2
DA:22,2
DA:26,1
DA:27,2
DA:28,2
DA:30,2
DA:31,1
DA:34,1
DA:40,1
DA:41,1
DA:43,0
DA:44,0
DA:48,1
DA:49,1
DA:50,1
DA:51,1
DA:53,1
DA:60,1
DA:62,1
DA:63,1
DA:66,0
DA:68,0
DA:69,0
DA:73,1
DA:74,2
DA:75,2
DA:77,2
DA:79,2
DA:80,0
DA:83,2
DA:85,0
DA:86,0
LF:40
LH:27
BRDA:7,0,0,0
BRDA:7,0,1,0
BRDA:30,1,0,1
BRDA:30,1,1,1
BRDA:30,2,0,2
BRDA:30,2,1,1
BRDA:30,2,2,1
BRDA:40,3,0,1
BRDA:40,3,1,1
BRDA:60,4,0,1
BRDA:60,4,1,1
BRDA:62,5,0,1
BRDA:62,5,1,0
BRDA:79,6,0,0
BRDA:79,6,1,2
BRF:15
BRH:11
end_of_record
TN:
SF:controllers\ordersController.js
FN:3,(anonymous_0)
FN:48,(anonymous_1)
FN:55,(anonymous_2)
FN:65,(anonymous_3)
FNF:4
FNH:3
FNDA:3,(anonymous_0)
FNDA:1,(anonymous_1)
FNDA:0,(anonymous_2)
FNDA:3,(anonymous_3)
DA:3,1
DA:4,3
DA:5,3
DA:6,3
DA:7,3
DA:9,3
DA:10,1
DA:11,1
DA:14,3
DA:15,1
DA:16,1
DA:19,3
DA:21,3
DA:46,3
DA:48,3
DA:55,0
DA:58,3
DA:60,0
DA:61,0
DA:65,1
DA:66,3
DA:67,3
DA:68,3
DA:69,3
DA:71,2
DA:72,2
DA:74,2
DA:76,0
DA:77,0
LF:29
LH:24
BRDA:9,0,0,1
BRDA:9,0,1,2
BRDA:14,1,0,1
BRDA:14,1,1,2
BRDA:19,2,0,2
BRDA:19,2,1,1
BRDA:52,3,0,0
BRDA:52,3,1,1
BRDA:55,4,0,1
BRDA:55,4,1,1
BRDA:69,5,0,1
BRDA:69,5,1,2
BRDA:72,6,0,0
BRDA:72,6,1,2
BRF:14
BRH:12
end_of_record
TN:
SF:middleware\auth.js
FN:3,(anonymous_0)
FNF:1
FNH:1
FNDA:6,(anonymous_0)
DA:3,1
DA:4,6
DA:5,6
DA:6,2
DA:9,4
DA:10,4
DA:11,4
DA:12,1
DA:13,1
DA:15,3
LF:10
LH:10
BRDA:5,0,0,2
BRDA:5,0,1,4
BRDA:5,1,0,6
BRDA:5,1,1,5
BRF:4
BRH:4
end_of_record
TN:
SF:services\telegramService.js
FN:3,(anonymous_0)
FN:16,(anonymous_1)
FN:22,(anonymous_2)
FNF:3
FNH:3
FNDA:4,(anonymous_0)
FNDA:4,(anonymous_1)
FNDA:9,(anonymous_2)
DA:3,2
DA:4,4
DA:5,4
DA:6,4
DA:7,6
DA:8,6
DA:10,1
DA:13,4
DA:16,2
DA:17,4
DA:18,4
DA:20,4
DA:22,9
DA:25,4
DA:26,4
DA:28,4
LF:16
LH:16
BRF:0
BRH:0
end_of_record
